<?xml version="1.0" encoding="UTF-8"?>
<testng-results skipped="0" failed="0" total="1" passed="1">
  <reporter-output>
  </reporter-output>
  <suite name="suite1" duration-ms="8217" started-at="2017-07-08T07:56:12Z" finished-at="2017-07-08T07:56:20Z">
    <groups>
    </groups>
    <test name="test1" duration-ms="8217" started-at="2017-07-08T07:56:12Z" finished-at="2017-07-08T07:56:20Z">
      <class name="testng.testBaidu">
        <test-method status="PASS" signature="setUp()[pri:0, instance:testng.testBaidu@1b64c45]" name="setUp" is-config="true" duration-ms="5252" started-at="2017-07-08T15:56:12Z" finished-at="2017-07-08T15:56:17Z">
          <reporter-output>
          </reporter-output>
        </test-method> <!-- setUp -->
        <test-method status="PASS" signature="testCase()[pri:0, instance:testng.testBaidu@1b64c45]" name="testCase" duration-ms="2454" started-at="2017-07-08T15:56:17Z" finished-at="2017-07-08T15:56:19Z">
          <reporter-output>
          </reporter-output>
        </test-method> <!-- testCase -->
        <test-method status="PASS" signature="tearDown()[pri:0, instance:testng.testBaidu@1b64c45]" name="tearDown" is-config="true" duration-ms="491" started-at="2017-07-08T15:56:19Z" finished-at="2017-07-08T15:56:20Z">
          <reporter-output>
          </reporter-output>
        </test-method> <!-- tearDown -->
      </class> <!-- testng.testBaidu -->
    </test> <!-- test1 -->
  </suite> <!-- suite1 -->
</testng-results>
